  my_assembler_20160323.c
c:\users\chickening\documents\github\systemprogramming_subject\chicken\chicken\my_assembler_20160323.c(97): warning C4996: 'fopen': This function or variable may be unsafe. Consider using fopen_s instead. To disable deprecation, use _CRT_SECURE_NO_WARNINGS. See online help for details.
  c:\program files (x86)\windows kits\10\include\10.0.16299.0\ucrt\stdio.h(207): note: 'fopen' 선언을 참조하십시오.
c:\users\chickening\documents\github\systemprogramming_subject\chicken\chicken\my_assembler_20160323.c(109): warning C4996: 'sscanf': This function or variable may be unsafe. Consider using sscanf_s instead. To disable deprecation, use _CRT_SECURE_NO_WARNINGS. See online help for details.
  c:\program files (x86)\windows kits\10\include\10.0.16299.0\ucrt\stdio.h(2261): note: 'sscanf' 선언을 참조하십시오.
c:\users\chickening\documents\github\systemprogramming_subject\chicken\chicken\my_assembler_20160323.c(112): warning C4996: 'strcpy': This function or variable may be unsafe. Consider using strcpy_s instead. To disable deprecation, use _CRT_SECURE_NO_WARNINGS. See online help for details.
  c:\program files (x86)\windows kits\10\include\10.0.16299.0\ucrt\string.h(132): note: 'strcpy' 선언을 참조하십시오.
c:\users\chickening\documents\github\systemprogramming_subject\chicken\chicken\my_assembler_20160323.c(113): warning C4996: 'strcpy': This function or variable may be unsafe. Consider using strcpy_s instead. To disable deprecation, use _CRT_SECURE_NO_WARNINGS. See online help for details.
  c:\program files (x86)\windows kits\10\include\10.0.16299.0\ucrt\string.h(132): note: 'strcpy' 선언을 참조하십시오.
c:\users\chickening\documents\github\systemprogramming_subject\chicken\chicken\my_assembler_20160323.c(133): warning C4996: 'fopen': This function or variable may be unsafe. Consider using fopen_s instead. To disable deprecation, use _CRT_SECURE_NO_WARNINGS. See online help for details.
  c:\program files (x86)\windows kits\10\include\10.0.16299.0\ucrt\stdio.h(207): note: 'fopen' 선언을 참조하십시오.
c:\users\chickening\documents\github\systemprogramming_subject\chicken\chicken\my_assembler_20160323.c(143): warning C4996: 'strcpy': This function or variable may be unsafe. Consider using strcpy_s instead. To disable deprecation, use _CRT_SECURE_NO_WARNINGS. See online help for details.
  c:\program files (x86)\windows kits\10\include\10.0.16299.0\ucrt\string.h(132): note: 'strcpy' 선언을 참조하십시오.
c:\users\chickening\documents\github\systemprogramming_subject\chicken\chicken\my_assembler_20160323.c(177): warning C4996: 'strcpy': This function or variable may be unsafe. Consider using strcpy_s instead. To disable deprecation, use _CRT_SECURE_NO_WARNINGS. See online help for details.
  c:\program files (x86)\windows kits\10\include\10.0.16299.0\ucrt\string.h(132): note: 'strcpy' 선언을 참조하십시오.
c:\users\chickening\documents\github\systemprogramming_subject\chicken\chicken\my_assembler_20160323.c(180): warning C4996: 'strtok': This function or variable may be unsafe. Consider using strtok_s instead. To disable deprecation, use _CRT_SECURE_NO_WARNINGS. See online help for details.
  c:\program files (x86)\windows kits\10\include\10.0.16299.0\ucrt\string.h(439): note: 'strtok' 선언을 참조하십시오.
c:\users\chickening\documents\github\systemprogramming_subject\chicken\chicken\my_assembler_20160323.c(184): warning C4996: 'strcpy': This function or variable may be unsafe. Consider using strcpy_s instead. To disable deprecation, use _CRT_SECURE_NO_WARNINGS. See online help for details.
  c:\program files (x86)\windows kits\10\include\10.0.16299.0\ucrt\string.h(132): note: 'strcpy' 선언을 참조하십시오.
c:\users\chickening\documents\github\systemprogramming_subject\chicken\chicken\my_assembler_20160323.c(185): warning C4996: 'strtok': This function or variable may be unsafe. Consider using strtok_s instead. To disable deprecation, use _CRT_SECURE_NO_WARNINGS. See online help for details.
  c:\program files (x86)\windows kits\10\include\10.0.16299.0\ucrt\string.h(439): note: 'strtok' 선언을 참조하십시오.
c:\users\chickening\documents\github\systemprogramming_subject\chicken\chicken\my_assembler_20160323.c(203): warning C4996: 'strcpy': This function or variable may be unsafe. Consider using strcpy_s instead. To disable deprecation, use _CRT_SECURE_NO_WARNINGS. See online help for details.
  c:\program files (x86)\windows kits\10\include\10.0.16299.0\ucrt\string.h(132): note: 'strcpy' 선언을 참조하십시오.
c:\users\chickening\documents\github\systemprogramming_subject\chicken\chicken\my_assembler_20160323.c(212): warning C4996: 'strcpy': This function or variable may be unsafe. Consider using strcpy_s instead. To disable deprecation, use _CRT_SECURE_NO_WARNINGS. See online help for details.
  c:\program files (x86)\windows kits\10\include\10.0.16299.0\ucrt\string.h(132): note: 'strcpy' 선언을 참조하십시오.
c:\users\chickening\documents\github\systemprogramming_subject\chicken\chicken\my_assembler_20160323.c(229): warning C4996: 'strcpy': This function or variable may be unsafe. Consider using strcpy_s instead. To disable deprecation, use _CRT_SECURE_NO_WARNINGS. See online help for details.
  c:\program files (x86)\windows kits\10\include\10.0.16299.0\ucrt\string.h(132): note: 'strcpy' 선언을 참조하십시오.
c:\users\chickening\documents\github\systemprogramming_subject\chicken\chicken\my_assembler_20160323.c(230): warning C4996: 'strtok': This function or variable may be unsafe. Consider using strtok_s instead. To disable deprecation, use _CRT_SECURE_NO_WARNINGS. See online help for details.
  c:\program files (x86)\windows kits\10\include\10.0.16299.0\ucrt\string.h(439): note: 'strtok' 선언을 참조하십시오.
c:\users\chickening\documents\github\systemprogramming_subject\chicken\chicken\my_assembler_20160323.c(234): warning C4996: 'strcpy': This function or variable may be unsafe. Consider using strcpy_s instead. To disable deprecation, use _CRT_SECURE_NO_WARNINGS. See online help for details.
  c:\program files (x86)\windows kits\10\include\10.0.16299.0\ucrt\string.h(132): note: 'strcpy' 선언을 참조하십시오.
c:\users\chickening\documents\github\systemprogramming_subject\chicken\chicken\my_assembler_20160323.c(236): warning C4996: 'strtok': This function or variable may be unsafe. Consider using strtok_s instead. To disable deprecation, use _CRT_SECURE_NO_WARNINGS. See online help for details.
  c:\program files (x86)\windows kits\10\include\10.0.16299.0\ucrt\string.h(439): note: 'strtok' 선언을 참조하십시오.
c:\users\chickening\documents\github\systemprogramming_subject\chicken\chicken\my_assembler_20160323.c(245): warning C4996: 'strcat': This function or variable may be unsafe. Consider using strcat_s instead. To disable deprecation, use _CRT_SECURE_NO_WARNINGS. See online help for details.
  c:\program files (x86)\windows kits\10\include\10.0.16299.0\ucrt\string.h(89): note: 'strcat' 선언을 참조하십시오.
c:\users\chickening\documents\github\systemprogramming_subject\chicken\chicken\my_assembler_20160323.c(247): warning C4996: 'strcat': This function or variable may be unsafe. Consider using strcat_s instead. To disable deprecation, use _CRT_SECURE_NO_WARNINGS. See online help for details.
  c:\program files (x86)\windows kits\10\include\10.0.16299.0\ucrt\string.h(89): note: 'strcat' 선언을 참조하십시오.
c:\users\chickening\documents\github\systemprogramming_subject\chicken\chicken\my_assembler_20160323.c(250): warning C4996: 'strcpy': This function or variable may be unsafe. Consider using strcpy_s instead. To disable deprecation, use _CRT_SECURE_NO_WARNINGS. See online help for details.
  c:\program files (x86)\windows kits\10\include\10.0.16299.0\ucrt\string.h(132): note: 'strcpy' 선언을 참조하십시오.
c:\users\chickening\documents\github\systemprogramming_subject\chicken\chicken\my_assembler_20160323.c(265): warning C4996: 'strcpy': This function or variable may be unsafe. Consider using strcpy_s instead. To disable deprecation, use _CRT_SECURE_NO_WARNINGS. See online help for details.
  c:\program files (x86)\windows kits\10\include\10.0.16299.0\ucrt\string.h(132): note: 'strcpy' 선언을 참조하십시오.
c:\users\chickening\documents\github\systemprogramming_subject\chicken\chicken\my_assembler_20160323.c(282): warning C4996: 'strncpy': This function or variable may be unsafe. Consider using strncpy_s instead. To disable deprecation, use _CRT_SECURE_NO_WARNINGS. See online help for details.
  c:\program files (x86)\windows kits\10\include\10.0.16299.0\ucrt\string.h(337): note: 'strncpy' 선언을 참조하십시오.
c:\users\chickening\documents\github\systemprogramming_subject\chicken\chicken\my_assembler_20160323.c(423): warning C4996: 'fopen': This function or variable may be unsafe. Consider using fopen_s instead. To disable deprecation, use _CRT_SECURE_NO_WARNINGS. See online help for details.
  c:\program files (x86)\windows kits\10\include\10.0.16299.0\ucrt\stdio.h(207): note: 'fopen' 선언을 참조하십시오.
c:\users\chickening\documents\github\systemprogramming_subject\chicken\chicken\my_assembler_20160323.c(501): warning C4996: 'fopen': This function or variable may be unsafe. Consider using fopen_s instead. To disable deprecation, use _CRT_SECURE_NO_WARNINGS. See online help for details.
  c:\program files (x86)\windows kits\10\include\10.0.16299.0\ucrt\stdio.h(207): note: 'fopen' 선언을 참조하십시오.
c:\users\chickening\documents\github\systemprogramming_subject\chicken\chicken\my_assembler_20160323.c(480): warning C4716: 'assem_pass2': 값을 반환해야 합니다.
c:\users\chickening\documents\github\systemprogramming_subject\chicken\chicken\my_assembler_20160323.c(405): warning C4716: 'assem_pass1': 값을 반환해야 합니다.
c:\users\chickening\documents\github\systemprogramming_subject\chicken\chicken\my_assembler_20160323.c(359): warning C4716: 'token_parsing': 값을 반환해야 합니다.
  Chicken.vcxproj -> C:\Users\chickening\Documents\GitHub\SystemProgramming_subject\Chicken\Debug\Chicken.exe
